<?xml version="1.0" encoding="UTF-8"?>
<testsuite name="com.jinhwi.helloaws.web.HelloControllerTest" tests="2" skipped="0" failures="0" errors="0" timestamp="2020-04-15T07:46:36" hostname="DESKTOP-T9FMKJL" time="0.156">
  <properties/>
  <testcase name="hello가_리턴된다" classname="com.jinhwi.helloaws.web.HelloControllerTest" time="0.064"/>
  <testcase name="helloDto가_리턴된다" classname="com.jinhwi.helloaws.web.HelloControllerTest" time="0.092"/>
  <system-out><![CDATA[2020-04-15 16:46:35.178  INFO 8904 --- [    Test worker] .b.t.a.w.s.WebMvcTestContextBootstrapper : Neither @ContextConfiguration nor @ContextHierarchy found for test class [com.jinhwi.helloaws.web.HelloControllerTest], using SpringBootContextLoader
2020-04-15 16:46:35.178  INFO 8904 --- [    Test worker] o.s.t.c.support.AbstractContextLoader    : Could not detect default resource locations for test class [com.jinhwi.helloaws.web.HelloControllerTest]: no resource found for suffixes {-context.xml, Context.groovy}.
2020-04-15 16:46:35.178  INFO 8904 --- [    Test worker] t.c.s.AnnotationConfigContextLoaderUtils : Could not detect default configuration classes for test class [com.jinhwi.helloaws.web.HelloControllerTest]: HelloControllerTest does not declare any static, non-private, non-final, nested classes annotated with @Configuration.
2020-04-15 16:46:35.210  INFO 8904 --- [    Test worker] .b.t.c.SpringBootTestContextBootstrapper : Found @SpringBootConfiguration com.jinhwi.helloaws.Application for test class com.jinhwi.helloaws.web.HelloControllerTest
2020-04-15 16:46:35.210  INFO 8904 --- [    Test worker] .b.t.a.w.s.WebMvcTestContextBootstrapper : Loaded default TestExecutionListener class names from location [META-INF/spring.factories]: [org.springframework.security.test.context.support.WithSecurityContextTestExecutionListener, org.springframework.security.test.context.support.ReactorContextTestExecutionListener, org.springframework.boot.test.autoconfigure.restdocs.RestDocsTestExecutionListener, org.springframework.boot.test.autoconfigure.web.client.MockRestServiceServerResetTestExecutionListener, org.springframework.boot.test.autoconfigure.web.servlet.MockMvcPrintOnlyOnFailureTestExecutionListener, org.springframework.boot.test.autoconfigure.web.servlet.WebDriverTestExecutionListener, org.springframework.boot.test.mock.mockito.MockitoTestExecutionListener, org.springframework.boot.test.mock.mockito.ResetMocksTestExecutionListener, org.springframework.test.context.web.ServletTestExecutionListener, org.springframework.test.context.support.DirtiesContextBeforeModesTestExecutionListener, org.springframework.test.context.support.DependencyInjectionTestExecutionListener, org.springframework.test.context.support.DirtiesContextTestExecutionListener, org.springframework.test.context.transaction.TransactionalTestExecutionListener, org.springframework.test.context.jdbc.SqlScriptsTestExecutionListener]
2020-04-15 16:46:35.210  INFO 8904 --- [    Test worker] .b.t.a.w.s.WebMvcTestContextBootstrapper : Using TestExecutionListeners: [org.springframework.test.context.web.ServletTestExecutionListener@301a0654, org.springframework.test.context.support.DirtiesContextBeforeModesTestExecutionListener@4adbc501, org.springframework.boot.test.mock.mockito.MockitoTestExecutionListener@f1ed864, org.springframework.boot.test.autoconfigure.SpringBootDependencyInjectionTestExecutionListener@3cd2b086, org.springframework.test.context.support.DirtiesContextTestExecutionListener@5c9a39ee, org.springframework.test.context.transaction.TransactionalTestExecutionListener@487d0cb1, org.springframework.test.context.jdbc.SqlScriptsTestExecutionListener@31592022, org.springframework.security.test.context.support.WithSecurityContextTestExecutionListener@18a6e00f, org.springframework.security.test.context.support.ReactorContextTestExecutionListener@157effbc, org.springframework.boot.test.autoconfigure.restdocs.RestDocsTestExecutionListener@35c67126, org.springframework.boot.test.autoconfigure.web.client.MockRestServiceServerResetTestExecutionListener@4de61f8c, org.springframework.boot.test.autoconfigure.web.servlet.MockMvcPrintOnlyOnFailureTestExecutionListener@626f28a7, org.springframework.boot.test.autoconfigure.web.servlet.WebDriverTestExecutionListener@8eb849, org.springframework.boot.test.mock.mockito.ResetMocksTestExecutionListener@6c7b63f]

  .   ____          _            __ _ _
 /\\ / ___'_ __ _ _(_)_ __  __ _ \ \ \ \
( ( )\___ | '_ | '_| | '_ \/ _` | \ \ \ \
 \\/  ___)| |_)| | | | | || (_| |  ) ) ) )
  '  |____| .__|_| |_|_| |_\__, | / / / /
 =========|_|==============|___/=/_/_/_/
 :: Spring Boot ::        (v2.1.9.RELEASE)

2020-04-15 16:46:35.243  INFO 8904 --- [    Test worker] c.j.helloaws.web.HelloControllerTest     : Starting HelloControllerTest on DESKTOP-T9FMKJL with PID 8904 (started by Hello.Jinhwi in E:\hellojinhwi\01.project\IntelliJ\helloAWS)
2020-04-15 16:46:35.243  INFO 8904 --- [    Test worker] c.j.helloaws.web.HelloControllerTest     : The following profiles are active: oauth
2020-04-15 16:46:35.648  INFO 8904 --- [    Test worker] o.s.s.concurrent.ThreadPoolTaskExecutor  : Initializing ExecutorService 'applicationTaskExecutor'
2020-04-15 16:46:35.669  INFO 8904 --- [    Test worker] o.s.b.a.w.s.WelcomePageHandlerMapping    : Adding welcome page template: index
2020-04-15 16:46:35.835  INFO 8904 --- [    Test worker] .s.s.UserDetailsServiceAutoConfiguration : 

Using generated security password: 8d95203a-5481-4a0d-89a0-4b81c86b3706

2020-04-15 16:46:35.958  INFO 8904 --- [    Test worker] o.s.s.web.DefaultSecurityFilterChain     : Creating filter chain: any request, [org.springframework.security.web.context.request.async.WebAsyncManagerIntegrationFilter@16fc100a, org.springframework.security.web.context.SecurityContextPersistenceFilter@113e815c, org.springframework.security.web.header.HeaderWriterFilter@adec726, org.springframework.security.web.csrf.CsrfFilter@6af2df93, org.springframework.security.web.authentication.logout.LogoutFilter@688e1456, org.springframework.security.web.authentication.UsernamePasswordAuthenticationFilter@1fb9d0a1, org.springframework.security.web.authentication.ui.DefaultLoginPageGeneratingFilter@29a16789, org.springframework.security.web.authentication.ui.DefaultLogoutPageGeneratingFilter@6f2062d7, org.springframework.security.web.authentication.www.BasicAuthenticationFilter@77a61d77, org.springframework.security.web.savedrequest.RequestCacheAwareFilter@47f97eb5, org.springframework.security.web.servletapi.SecurityContextHolderAwareRequestFilter@3b62669b, org.springframework.security.web.authentication.AnonymousAuthenticationFilter@28aa97e1, org.springframework.security.web.session.SessionManagementFilter@762c9fa9, org.springframework.security.web.access.ExceptionTranslationFilter@75747ca2, org.springframework.security.web.access.intercept.FilterSecurityInterceptor@581006e1]
2020-04-15 16:46:35.992  INFO 8904 --- [    Test worker] o.s.b.t.m.w.SpringBootMockServletContext : Initializing Spring TestDispatcherServlet ''
2020-04-15 16:46:35.992  INFO 8904 --- [    Test worker] o.s.t.web.servlet.TestDispatcherServlet  : Initializing Servlet ''
2020-04-15 16:46:36.012  INFO 8904 --- [    Test worker] o.s.t.web.servlet.TestDispatcherServlet  : Completed initialization in 20 ms
2020-04-15 16:46:36.045  INFO 8904 --- [    Test worker] c.j.helloaws.web.HelloControllerTest     : Started HelloControllerTest in 0.835 seconds (JVM running for 8.7)
]]></system-out>
  <system-err><![CDATA[]]></system-err>
</testsuite>
