<?xml version="1.0" encoding="UTF-8"?>
<testsuite name="com.jinhwi.helloaws.web.PostsApiControllerTest" tests="2" skipped="0" failures="0" errors="0" timestamp="2020-04-15T07:46:38" hostname="DESKTOP-T9FMKJL" time="0.095">
  <properties/>
  <testcase name="Posts_등록된다" classname="com.jinhwi.helloaws.web.PostsApiControllerTest" time="0.064"/>
  <testcase name="Posts_수정된다" classname="com.jinhwi.helloaws.web.PostsApiControllerTest" time="0.03"/>
  <system-out><![CDATA[2020-04-15 16:46:38.706  INFO 8904 --- [    Test worker] .b.t.c.SpringBootTestContextBootstrapper : Neither @ContextConfiguration nor @ContextHierarchy found for test class [com.jinhwi.helloaws.web.PostsApiControllerTest], using SpringBootContextLoader
2020-04-15 16:46:38.706  INFO 8904 --- [    Test worker] o.s.t.c.support.AbstractContextLoader    : Could not detect default resource locations for test class [com.jinhwi.helloaws.web.PostsApiControllerTest]: no resource found for suffixes {-context.xml, Context.groovy}.
2020-04-15 16:46:38.706  INFO 8904 --- [    Test worker] t.c.s.AnnotationConfigContextLoaderUtils : Could not detect default configuration classes for test class [com.jinhwi.helloaws.web.PostsApiControllerTest]: PostsApiControllerTest does not declare any static, non-private, non-final, nested classes annotated with @Configuration.
2020-04-15 16:46:38.706  INFO 8904 --- [    Test worker] .b.t.c.SpringBootTestContextBootstrapper : Found @SpringBootConfiguration com.jinhwi.helloaws.Application for test class com.jinhwi.helloaws.web.PostsApiControllerTest
2020-04-15 16:46:38.722  INFO 8904 --- [    Test worker] .b.t.c.SpringBootTestContextBootstrapper : Loaded default TestExecutionListener class names from location [META-INF/spring.factories]: [org.springframework.security.test.context.support.WithSecurityContextTestExecutionListener, org.springframework.security.test.context.support.ReactorContextTestExecutionListener, org.springframework.boot.test.autoconfigure.restdocs.RestDocsTestExecutionListener, org.springframework.boot.test.autoconfigure.web.client.MockRestServiceServerResetTestExecutionListener, org.springframework.boot.test.autoconfigure.web.servlet.MockMvcPrintOnlyOnFailureTestExecutionListener, org.springframework.boot.test.autoconfigure.web.servlet.WebDriverTestExecutionListener, org.springframework.boot.test.mock.mockito.MockitoTestExecutionListener, org.springframework.boot.test.mock.mockito.ResetMocksTestExecutionListener, org.springframework.test.context.web.ServletTestExecutionListener, org.springframework.test.context.support.DirtiesContextBeforeModesTestExecutionListener, org.springframework.test.context.support.DependencyInjectionTestExecutionListener, org.springframework.test.context.support.DirtiesContextTestExecutionListener, org.springframework.test.context.transaction.TransactionalTestExecutionListener, org.springframework.test.context.jdbc.SqlScriptsTestExecutionListener]
2020-04-15 16:46:38.724  INFO 8904 --- [    Test worker] .b.t.c.SpringBootTestContextBootstrapper : Using TestExecutionListeners: [org.springframework.test.context.web.ServletTestExecutionListener@6a0582ce, org.springframework.test.context.support.DirtiesContextBeforeModesTestExecutionListener@385f3126, org.springframework.boot.test.mock.mockito.MockitoTestExecutionListener@5871fe84, org.springframework.boot.test.autoconfigure.SpringBootDependencyInjectionTestExecutionListener@493a0ca2, org.springframework.test.context.support.DirtiesContextTestExecutionListener@f6ff4b9, org.springframework.test.context.transaction.TransactionalTestExecutionListener@4e783273, org.springframework.test.context.jdbc.SqlScriptsTestExecutionListener@192a60e6, org.springframework.security.test.context.support.WithSecurityContextTestExecutionListener@6c307d, org.springframework.security.test.context.support.ReactorContextTestExecutionListener@7056d6f5, org.springframework.boot.test.autoconfigure.restdocs.RestDocsTestExecutionListener@7f329926, org.springframework.boot.test.autoconfigure.web.client.MockRestServiceServerResetTestExecutionListener@35d5fb76, org.springframework.boot.test.autoconfigure.web.servlet.MockMvcPrintOnlyOnFailureTestExecutionListener@54dbca69, org.springframework.boot.test.autoconfigure.web.servlet.WebDriverTestExecutionListener@12fc4f79, org.springframework.boot.test.mock.mockito.ResetMocksTestExecutionListener@796c1fa9]
2020-04-15 16:46:38.725  INFO 8904 --- [    Test worker] o.a.c.c.C.[Tomcat].[localhost].[/]       : Initializing Spring TestDispatcherServlet ''
2020-04-15 16:46:38.725  INFO 8904 --- [    Test worker] o.s.t.web.servlet.TestDispatcherServlet  : Initializing Servlet ''
2020-04-15 16:46:38.725  INFO 8904 --- [    Test worker] o.s.t.web.servlet.TestDispatcherServlet  : Completed initialization in 0 ms
Hibernate: insert into posts (created_date, modified_date, author, content, title) values (?, ?, ?, ?, ?)
Hibernate: select posts0_.id as id1_0_, posts0_.created_date as created_2_0_, posts0_.modified_date as modified3_0_, posts0_.author as author4_0_, posts0_.content as content5_0_, posts0_.title as title6_0_ from posts posts0_
Hibernate: select posts0_.id as id1_0_, posts0_.created_date as created_2_0_, posts0_.modified_date as modified3_0_, posts0_.author as author4_0_, posts0_.content as content5_0_, posts0_.title as title6_0_ from posts posts0_
Hibernate: delete from posts where id=?
2020-04-15 16:46:38.791  INFO 8904 --- [    Test worker] o.a.c.c.C.[Tomcat].[localhost].[/]       : Initializing Spring TestDispatcherServlet ''
2020-04-15 16:46:38.791  INFO 8904 --- [    Test worker] o.s.t.web.servlet.TestDispatcherServlet  : Initializing Servlet ''
2020-04-15 16:46:38.791  INFO 8904 --- [    Test worker] o.s.t.web.servlet.TestDispatcherServlet  : Completed initialization in 0 ms
Hibernate: insert into posts (created_date, modified_date, author, content, title) values (?, ?, ?, ?, ?)
Hibernate: select posts0_.id as id1_0_0_, posts0_.created_date as created_2_0_0_, posts0_.modified_date as modified3_0_0_, posts0_.author as author4_0_0_, posts0_.content as content5_0_0_, posts0_.title as title6_0_0_ from posts posts0_ where posts0_.id=?
Hibernate: update posts set created_date=?, modified_date=?, author=?, content=?, title=? where id=?
Hibernate: select posts0_.id as id1_0_, posts0_.created_date as created_2_0_, posts0_.modified_date as modified3_0_, posts0_.author as author4_0_, posts0_.content as content5_0_, posts0_.title as title6_0_ from posts posts0_
Hibernate: select posts0_.id as id1_0_, posts0_.created_date as created_2_0_, posts0_.modified_date as modified3_0_, posts0_.author as author4_0_, posts0_.content as content5_0_, posts0_.title as title6_0_ from posts posts0_
Hibernate: delete from posts where id=?
]]></system-out>
  <system-err><![CDATA[]]></system-err>
</testsuite>
