<?xml version="1.0" encoding="UTF-8"?>
<testsuite name="com.jinhwi.helloaws.domain.posts.PostsRepositoryTest" tests="2" skipped="0" failures="0" errors="0" timestamp="2020-04-15T07:46:34" hostname="DESKTOP-T9FMKJL" time="0.286">
  <properties/>
  <testcase name="게시글저장_불러오기" classname="com.jinhwi.helloaws.domain.posts.PostsRepositoryTest" time="0.271"/>
  <testcase name="BaseTimeEntity_등록" classname="com.jinhwi.helloaws.domain.posts.PostsRepositoryTest" time="0.014"/>
  <system-out><![CDATA[16:46:28.334 [Test worker] DEBUG org.springframework.test.context.junit4.SpringJUnit4ClassRunner - SpringJUnit4ClassRunner constructor called with [class com.jinhwi.helloaws.domain.posts.PostsRepositoryTest]
16:46:28.350 [Test worker] DEBUG org.springframework.test.context.BootstrapUtils - Instantiating CacheAwareContextLoaderDelegate from class [org.springframework.test.context.cache.DefaultCacheAwareContextLoaderDelegate]
16:46:28.350 [Test worker] DEBUG org.springframework.test.context.BootstrapUtils - Instantiating BootstrapContext using constructor [public org.springframework.test.context.support.DefaultBootstrapContext(java.lang.Class,org.springframework.test.context.CacheAwareContextLoaderDelegate)]
16:46:28.382 [Test worker] DEBUG org.springframework.test.context.BootstrapUtils - Instantiating TestContextBootstrapper for test class [com.jinhwi.helloaws.domain.posts.PostsRepositoryTest] from class [org.springframework.boot.test.context.SpringBootTestContextBootstrapper]
16:46:28.398 [Test worker] INFO org.springframework.boot.test.context.SpringBootTestContextBootstrapper - Neither @ContextConfiguration nor @ContextHierarchy found for test class [com.jinhwi.helloaws.domain.posts.PostsRepositoryTest], using SpringBootContextLoader
16:46:28.398 [Test worker] DEBUG org.springframework.test.context.support.AbstractContextLoader - Did not detect default resource location for test class [com.jinhwi.helloaws.domain.posts.PostsRepositoryTest]: class path resource [com/jinhwi/helloaws/domain/posts/PostsRepositoryTest-context.xml] does not exist
16:46:28.398 [Test worker] DEBUG org.springframework.test.context.support.AbstractContextLoader - Did not detect default resource location for test class [com.jinhwi.helloaws.domain.posts.PostsRepositoryTest]: class path resource [com/jinhwi/helloaws/domain/posts/PostsRepositoryTestContext.groovy] does not exist
16:46:28.398 [Test worker] INFO org.springframework.test.context.support.AbstractContextLoader - Could not detect default resource locations for test class [com.jinhwi.helloaws.domain.posts.PostsRepositoryTest]: no resource found for suffixes {-context.xml, Context.groovy}.
16:46:28.398 [Test worker] INFO org.springframework.test.context.support.AnnotationConfigContextLoaderUtils - Could not detect default configuration classes for test class [com.jinhwi.helloaws.domain.posts.PostsRepositoryTest]: PostsRepositoryTest does not declare any static, non-private, non-final, nested classes annotated with @Configuration.
16:46:28.449 [Test worker] DEBUG org.springframework.test.context.support.ActiveProfilesUtils - Could not find an 'annotation declaring class' for annotation type [org.springframework.test.context.ActiveProfiles] and class [com.jinhwi.helloaws.domain.posts.PostsRepositoryTest]
16:46:28.562 [Test worker] DEBUG org.springframework.context.annotation.ClassPathScanningCandidateComponentProvider - Identified candidate component class: file [E:\hellojinhwi\01.project\IntelliJ\helloAWS\build\classes\java\main\com\jinhwi\helloaws\Application.class]
16:46:28.562 [Test worker] INFO org.springframework.boot.test.context.SpringBootTestContextBootstrapper - Found @SpringBootConfiguration com.jinhwi.helloaws.Application for test class com.jinhwi.helloaws.domain.posts.PostsRepositoryTest
16:46:28.693 [Test worker] DEBUG org.springframework.boot.test.context.SpringBootTestContextBootstrapper - @TestExecutionListeners is not present for class [com.jinhwi.helloaws.domain.posts.PostsRepositoryTest]: using defaults.
16:46:28.693 [Test worker] INFO org.springframework.boot.test.context.SpringBootTestContextBootstrapper - Loaded default TestExecutionListener class names from location [META-INF/spring.factories]: [org.springframework.security.test.context.support.WithSecurityContextTestExecutionListener, org.springframework.security.test.context.support.ReactorContextTestExecutionListener, org.springframework.boot.test.autoconfigure.restdocs.RestDocsTestExecutionListener, org.springframework.boot.test.autoconfigure.web.client.MockRestServiceServerResetTestExecutionListener, org.springframework.boot.test.autoconfigure.web.servlet.MockMvcPrintOnlyOnFailureTestExecutionListener, org.springframework.boot.test.autoconfigure.web.servlet.WebDriverTestExecutionListener, org.springframework.boot.test.mock.mockito.MockitoTestExecutionListener, org.springframework.boot.test.mock.mockito.ResetMocksTestExecutionListener, org.springframework.test.context.web.ServletTestExecutionListener, org.springframework.test.context.support.DirtiesContextBeforeModesTestExecutionListener, org.springframework.test.context.support.DependencyInjectionTestExecutionListener, org.springframework.test.context.support.DirtiesContextTestExecutionListener, org.springframework.test.context.transaction.TransactionalTestExecutionListener, org.springframework.test.context.jdbc.SqlScriptsTestExecutionListener]
16:46:28.736 [Test worker] INFO org.springframework.boot.test.context.SpringBootTestContextBootstrapper - Using TestExecutionListeners: [org.springframework.test.context.web.ServletTestExecutionListener@7536687f, org.springframework.test.context.support.DirtiesContextBeforeModesTestExecutionListener@7871d50c, org.springframework.boot.test.mock.mockito.MockitoTestExecutionListener@79b56162, org.springframework.boot.test.autoconfigure.SpringBootDependencyInjectionTestExecutionListener@73647d0b, org.springframework.test.context.support.DirtiesContextTestExecutionListener@35579688, org.springframework.test.context.transaction.TransactionalTestExecutionListener@4378fc9b, org.springframework.test.context.jdbc.SqlScriptsTestExecutionListener@11142be7, org.springframework.security.test.context.support.WithSecurityContextTestExecutionListener@41c880eb, org.springframework.security.test.context.support.ReactorContextTestExecutionListener@48a2bd8c, org.springframework.boot.test.autoconfigure.restdocs.RestDocsTestExecutionListener@4c3a1c27, org.springframework.boot.test.autoconfigure.web.client.MockRestServiceServerResetTestExecutionListener@7cc15d54, org.springframework.boot.test.autoconfigure.web.servlet.MockMvcPrintOnlyOnFailureTestExecutionListener@790b45ff, org.springframework.boot.test.autoconfigure.web.servlet.WebDriverTestExecutionListener@2498d98f, org.springframework.boot.test.mock.mockito.ResetMocksTestExecutionListener@385f321f]
16:46:28.740 [Test worker] DEBUG org.springframework.test.annotation.ProfileValueUtils - Retrieved @ProfileValueSourceConfiguration [null] for test class [com.jinhwi.helloaws.domain.posts.PostsRepositoryTest]
16:46:28.740 [Test worker] DEBUG org.springframework.test.annotation.ProfileValueUtils - Retrieved ProfileValueSource type [class org.springframework.test.annotation.SystemProfileValueSource] for class [com.jinhwi.helloaws.domain.posts.PostsRepositoryTest]
16:46:28.741 [Test worker] DEBUG org.springframework.test.annotation.ProfileValueUtils - Retrieved @ProfileValueSourceConfiguration [null] for test class [com.jinhwi.helloaws.domain.posts.PostsRepositoryTest]
16:46:28.741 [Test worker] DEBUG org.springframework.test.annotation.ProfileValueUtils - Retrieved ProfileValueSource type [class org.springframework.test.annotation.SystemProfileValueSource] for class [com.jinhwi.helloaws.domain.posts.PostsRepositoryTest]
16:46:28.747 [Test worker] DEBUG org.springframework.test.context.support.AbstractDirtiesContextTestExecutionListener - Before test class: context [DefaultTestContext@61074c39 testClass = PostsRepositoryTest, testInstance = [null], testMethod = [null], testException = [null], mergedContextConfiguration = [WebMergedContextConfiguration@7c422678 testClass = PostsRepositoryTest, locations = '{}', classes = '{class com.jinhwi.helloaws.Application}', contextInitializerClasses = '[]', activeProfiles = '{}', propertySourceLocations = '{}', propertySourceProperties = '{org.springframework.boot.test.context.SpringBootTestContextBootstrapper=true}', contextCustomizers = set[org.springframework.boot.test.autoconfigure.properties.PropertyMappingContextCustomizer@0, org.springframework.boot.test.autoconfigure.web.servlet.WebDriverContextCustomizerFactory$Customizer@bb388a7, org.springframework.boot.test.context.filter.ExcludeFilterContextCustomizer@61ac5178, org.springframework.boot.test.json.DuplicateJsonObjectContextCustomizerFactory$DuplicateJsonObjectContextCustomizer@6782662a, org.springframework.boot.test.mock.mockito.MockitoContextCustomizer@0, org.springframework.boot.test.web.client.TestRestTemplateContextCustomizer@1762ca50], resourceBasePath = 'src/main/webapp', contextLoader = 'org.springframework.boot.test.context.SpringBootContextLoader', parent = [null]], attributes = map['org.springframework.test.context.web.ServletTestExecutionListener.activateListener' -> true]], class annotated with @DirtiesContext [false] with mode [null].
16:46:28.747 [Test worker] DEBUG org.springframework.test.annotation.ProfileValueUtils - Retrieved @ProfileValueSourceConfiguration [null] for test class [com.jinhwi.helloaws.domain.posts.PostsRepositoryTest]
16:46:28.748 [Test worker] DEBUG org.springframework.test.annotation.ProfileValueUtils - Retrieved ProfileValueSource type [class org.springframework.test.annotation.SystemProfileValueSource] for class [com.jinhwi.helloaws.domain.posts.PostsRepositoryTest]
16:46:28.768 [Test worker] DEBUG org.springframework.test.context.support.TestPropertySourceUtils - Adding inlined properties to environment: {spring.jmx.enabled=false, org.springframework.boot.test.context.SpringBootTestContextBootstrapper=true, server.port=-1}

  .   ____          _            __ _ _
 /\\ / ___'_ __ _ _(_)_ __  __ _ \ \ \ \
( ( )\___ | '_ | '_| | '_ \/ _` | \ \ \ \
 \\/  ___)| |_)| | | | | || (_| |  ) ) ) )
  '  |____| .__|_| |_|_| |_\__, | / / / /
 =========|_|==============|___/=/_/_/_/
 :: Spring Boot ::        (v2.1.9.RELEASE)

2020-04-15 16:46:29.063  INFO 8904 --- [    Test worker] c.j.h.domain.posts.PostsRepositoryTest   : Starting PostsRepositoryTest on DESKTOP-T9FMKJL with PID 8904 (started by Hello.Jinhwi in E:\hellojinhwi\01.project\IntelliJ\helloAWS)
2020-04-15 16:46:29.063  INFO 8904 --- [    Test worker] c.j.h.domain.posts.PostsRepositoryTest   : The following profiles are active: oauth
2020-04-15 16:46:30.078  INFO 8904 --- [    Test worker] .s.d.r.c.RepositoryConfigurationDelegate : Bootstrapping Spring Data repositories in DEFAULT mode.
2020-04-15 16:46:30.165  INFO 8904 --- [    Test worker] .s.d.r.c.RepositoryConfigurationDelegate : Finished Spring Data repository scanning in 70ms. Found 2 repository interfaces.
2020-04-15 16:46:30.661  INFO 8904 --- [    Test worker] trationDelegate$BeanPostProcessorChecker : Bean 'org.springframework.transaction.annotation.ProxyTransactionManagementConfiguration' of type [org.springframework.transaction.annotation.ProxyTransactionManagementConfiguration$$EnhancerBySpringCGLIB$$63d775ce] is not eligible for getting processed by all BeanPostProcessors (for example: not eligible for auto-proxying)
2020-04-15 16:46:30.902  INFO 8904 --- [    Test worker] com.zaxxer.hikari.HikariDataSource       : HikariPool-1 - Starting...
2020-04-15 16:46:31.064  INFO 8904 --- [    Test worker] com.zaxxer.hikari.HikariDataSource       : HikariPool-1 - Start completed.
2020-04-15 16:46:31.161  INFO 8904 --- [    Test worker] o.hibernate.jpa.internal.util.LogHelper  : HHH000204: Processing PersistenceUnitInfo [
	name: default
	...]
2020-04-15 16:46:31.258  INFO 8904 --- [    Test worker] org.hibernate.Version                    : HHH000412: Hibernate Core {5.3.12.Final}
2020-04-15 16:46:31.258  INFO 8904 --- [    Test worker] org.hibernate.cfg.Environment            : HHH000206: hibernate.properties not found
2020-04-15 16:46:31.467  INFO 8904 --- [    Test worker] o.hibernate.annotations.common.Version   : HCANN000001: Hibernate Commons Annotations {5.0.4.Final}
2020-04-15 16:46:31.681  INFO 8904 --- [    Test worker] org.hibernate.dialect.Dialect            : HHH000400: Using dialect: org.hibernate.dialect.MySQL5InnoDBDialect
Hibernate: drop table if exists posts
Hibernate: drop table if exists user
Hibernate: create table posts (id bigint not null auto_increment, created_date datetime, modified_date datetime, author varchar(255), content TEXT not null, title varchar(500) not null, primary key (id)) engine=InnoDB
Hibernate: create table user (id bigint not null auto_increment, created_date datetime, modified_date datetime, email varchar(255) not null, name varchar(255) not null, picture varchar(255), role varchar(255) not null, primary key (id)) engine=InnoDB
2020-04-15 16:46:32.456  INFO 8904 --- [    Test worker] o.h.t.schema.internal.SchemaCreatorImpl  : HHH000476: Executing import script 'org.hibernate.tool.schema.internal.exec.ScriptSourceInputNonExistentImpl@9815b65'
2020-04-15 16:46:32.460  INFO 8904 --- [    Test worker] j.LocalContainerEntityManagerFactoryBean : Initialized JPA EntityManagerFactory for persistence unit 'default'
2020-04-15 16:46:33.052  INFO 8904 --- [    Test worker] o.h.h.i.QueryTranslatorFactoryInitiator  : HHH000397: Using ASTQueryTranslatorFactory
2020-04-15 16:46:33.732  INFO 8904 --- [    Test worker] o.s.s.web.DefaultSecurityFilterChain     : Creating filter chain: any request, [org.springframework.security.web.context.request.async.WebAsyncManagerIntegrationFilter@14699999, org.springframework.security.web.context.SecurityContextPersistenceFilter@261f3f5f, org.springframework.security.web.header.HeaderWriterFilter@5880c520, org.springframework.security.web.authentication.logout.LogoutFilter@564952b4, org.springframework.security.oauth2.client.web.OAuth2AuthorizationRequestRedirectFilter@712f3bc0, org.springframework.security.oauth2.client.web.OAuth2LoginAuthenticationFilter@733ab635, org.springframework.security.web.authentication.ui.DefaultLoginPageGeneratingFilter@73038696, org.springframework.security.web.authentication.ui.DefaultLogoutPageGeneratingFilter@245d6db, org.springframework.security.web.savedrequest.RequestCacheAwareFilter@66a3f573, org.springframework.security.web.servletapi.SecurityContextHolderAwareRequestFilter@4c2a0cb6, org.springframework.security.web.authentication.AnonymousAuthenticationFilter@489e5f15, org.springframework.security.web.session.SessionManagementFilter@21b7a432, org.springframework.security.web.access.ExceptionTranslationFilter@5dd53f87, org.springframework.security.web.access.intercept.FilterSecurityInterceptor@1b8eee47]
2020-04-15 16:46:34.249  INFO 8904 --- [    Test worker] o.s.s.concurrent.ThreadPoolTaskExecutor  : Initializing ExecutorService 'applicationTaskExecutor'
2020-04-15 16:46:34.315  WARN 8904 --- [    Test worker] aWebConfiguration$JpaWebMvcConfiguration : spring.jpa.open-in-view is enabled by default. Therefore, database queries may be performed during view rendering. Explicitly configure spring.jpa.open-in-view to disable this warning
2020-04-15 16:46:34.363  INFO 8904 --- [    Test worker] o.s.b.a.w.s.WelcomePageHandlerMapping    : Adding welcome page template: index
2020-04-15 16:46:34.834  INFO 8904 --- [    Test worker] s.a.ScheduledAnnotationBeanPostProcessor : No TaskScheduler/ScheduledExecutorService bean found for scheduled processing
2020-04-15 16:46:34.850  INFO 8904 --- [    Test worker] c.j.h.domain.posts.PostsRepositoryTest   : Started PostsRepositoryTest in 6.082 seconds (JVM running for 7.505)
Hibernate: insert into posts (created_date, modified_date, author, content, title) values (?, ?, ?, ?, ?)
Hibernate: select posts0_.id as id1_0_, posts0_.created_date as created_2_0_, posts0_.modified_date as modified3_0_, posts0_.author as author4_0_, posts0_.content as content5_0_, posts0_.title as title6_0_ from posts posts0_
Hibernate: select posts0_.id as id1_0_, posts0_.created_date as created_2_0_, posts0_.modified_date as modified3_0_, posts0_.author as author4_0_, posts0_.content as content5_0_, posts0_.title as title6_0_ from posts posts0_
Hibernate: delete from posts where id=?
Hibernate: insert into posts (created_date, modified_date, author, content, title) values (?, ?, ?, ?, ?)
Hibernate: select posts0_.id as id1_0_, posts0_.created_date as created_2_0_, posts0_.modified_date as modified3_0_, posts0_.author as author4_0_, posts0_.content as content5_0_, posts0_.title as title6_0_ from posts posts0_
>>>>>>>>> createDate=2020-04-15T16:46:35.136, modifiedDate =2020-04-15T16:46:35.136
Hibernate: select posts0_.id as id1_0_, posts0_.created_date as created_2_0_, posts0_.modified_date as modified3_0_, posts0_.author as author4_0_, posts0_.content as content5_0_, posts0_.title as title6_0_ from posts posts0_
Hibernate: delete from posts where id=?
]]></system-out>
  <system-err><![CDATA[]]></system-err>
</testsuite>
