<?xml version="1.0" encoding="UTF-8"?>
<testsuite name="com.jinhwi.helloaws.web.HelloControllerTest" tests="2" skipped="0" failures="0" errors="0" timestamp="2020-04-14T13:37:29" hostname="DESKTOP-T9FMKJL" time="0.151">
  <properties/>
  <testcase name="hello가_리턴된다" classname="com.jinhwi.helloaws.web.HelloControllerTest" time="0.061"/>
  <testcase name="helloDto가_리턴된다" classname="com.jinhwi.helloaws.web.HelloControllerTest" time="0.089"/>
  <system-out><![CDATA[2020-04-14 22:37:29.080  INFO 19932 --- [    Test worker] .b.t.a.w.s.WebMvcTestContextBootstrapper : Neither @ContextConfiguration nor @ContextHierarchy found for test class [com.jinhwi.helloaws.web.HelloControllerTest], using SpringBootContextLoader
2020-04-14 22:37:29.083  INFO 19932 --- [    Test worker] o.s.t.c.support.AbstractContextLoader    : Could not detect default resource locations for test class [com.jinhwi.helloaws.web.HelloControllerTest]: no resource found for suffixes {-context.xml, Context.groovy}.
2020-04-14 22:37:29.083  INFO 19932 --- [    Test worker] t.c.s.AnnotationConfigContextLoaderUtils : Could not detect default configuration classes for test class [com.jinhwi.helloaws.web.HelloControllerTest]: HelloControllerTest does not declare any static, non-private, non-final, nested classes annotated with @Configuration.
2020-04-14 22:37:29.117  INFO 19932 --- [    Test worker] .b.t.c.SpringBootTestContextBootstrapper : Found @SpringBootConfiguration com.jinhwi.helloaws.Application for test class com.jinhwi.helloaws.web.HelloControllerTest
2020-04-14 22:37:29.117  INFO 19932 --- [    Test worker] .b.t.a.w.s.WebMvcTestContextBootstrapper : Loaded default TestExecutionListener class names from location [META-INF/spring.factories]: [org.springframework.security.test.context.support.WithSecurityContextTestExecutionListener, org.springframework.security.test.context.support.ReactorContextTestExecutionListener, org.springframework.boot.test.autoconfigure.restdocs.RestDocsTestExecutionListener, org.springframework.boot.test.autoconfigure.web.client.MockRestServiceServerResetTestExecutionListener, org.springframework.boot.test.autoconfigure.web.servlet.MockMvcPrintOnlyOnFailureTestExecutionListener, org.springframework.boot.test.autoconfigure.web.servlet.WebDriverTestExecutionListener, org.springframework.boot.test.mock.mockito.MockitoTestExecutionListener, org.springframework.boot.test.mock.mockito.ResetMocksTestExecutionListener, org.springframework.test.context.web.ServletTestExecutionListener, org.springframework.test.context.support.DirtiesContextBeforeModesTestExecutionListener, org.springframework.test.context.support.DependencyInjectionTestExecutionListener, org.springframework.test.context.support.DirtiesContextTestExecutionListener, org.springframework.test.context.transaction.TransactionalTestExecutionListener, org.springframework.test.context.jdbc.SqlScriptsTestExecutionListener]
2020-04-14 22:37:29.119  INFO 19932 --- [    Test worker] .b.t.a.w.s.WebMvcTestContextBootstrapper : Using TestExecutionListeners: [org.springframework.test.context.web.ServletTestExecutionListener@1f21d8c3, org.springframework.test.context.support.DirtiesContextBeforeModesTestExecutionListener@19cfa80b, org.springframework.boot.test.mock.mockito.MockitoTestExecutionListener@568ee0b1, org.springframework.boot.test.autoconfigure.SpringBootDependencyInjectionTestExecutionListener@3e3c8efc, org.springframework.test.context.support.DirtiesContextTestExecutionListener@2fcaae38, org.springframework.test.context.transaction.TransactionalTestExecutionListener@4ba1d43a, org.springframework.test.context.jdbc.SqlScriptsTestExecutionListener@6a8b2e97, org.springframework.security.test.context.support.WithSecurityContextTestExecutionListener@301a0654, org.springframework.security.test.context.support.ReactorContextTestExecutionListener@4adbc501, org.springframework.boot.test.autoconfigure.restdocs.RestDocsTestExecutionListener@f1ed864, org.springframework.boot.test.autoconfigure.web.client.MockRestServiceServerResetTestExecutionListener@3cd2b086, org.springframework.boot.test.autoconfigure.web.servlet.MockMvcPrintOnlyOnFailureTestExecutionListener@5c9a39ee, org.springframework.boot.test.autoconfigure.web.servlet.WebDriverTestExecutionListener@487d0cb1, org.springframework.boot.test.mock.mockito.ResetMocksTestExecutionListener@31592022]

  .   ____          _            __ _ _
 /\\ / ___'_ __ _ _(_)_ __  __ _ \ \ \ \
( ( )\___ | '_ | '_| | '_ \/ _` | \ \ \ \
 \\/  ___)| |_)| | | | | || (_| |  ) ) ) )
  '  |____| .__|_| |_|_| |_\__, | / / / /
 =========|_|==============|___/=/_/_/_/
 :: Spring Boot ::        (v2.1.9.RELEASE)

2020-04-14 22:37:29.157  INFO 19932 --- [    Test worker] c.j.helloaws.web.HelloControllerTest     : Starting HelloControllerTest on DESKTOP-T9FMKJL with PID 19932 (started by Hello.Jinhwi in E:\hellojinhwi\01.project\IntelliJ\helloAWS)
2020-04-14 22:37:29.157  INFO 19932 --- [    Test worker] c.j.helloaws.web.HelloControllerTest     : The following profiles are active: oauth
2020-04-14 22:37:29.513  INFO 19932 --- [    Test worker] o.s.s.concurrent.ThreadPoolTaskExecutor  : Initializing ExecutorService 'applicationTaskExecutor'
2020-04-14 22:37:29.539  INFO 19932 --- [    Test worker] o.s.b.a.w.s.WelcomePageHandlerMapping    : Adding welcome page template: index
2020-04-14 22:37:29.706  INFO 19932 --- [    Test worker] .s.s.UserDetailsServiceAutoConfiguration : 

Using generated security password: f96c770b-c9f4-4056-97c4-651e3b84dc9c

2020-04-14 22:37:29.826  INFO 19932 --- [    Test worker] o.s.s.web.DefaultSecurityFilterChain     : Creating filter chain: any request, [org.springframework.security.web.context.request.async.WebAsyncManagerIntegrationFilter@7b05910, org.springframework.security.web.context.SecurityContextPersistenceFilter@599e2279, org.springframework.security.web.header.HeaderWriterFilter@62a15efc, org.springframework.security.web.csrf.CsrfFilter@488ba10f, org.springframework.security.web.authentication.logout.LogoutFilter@75747ca2, org.springframework.security.web.authentication.UsernamePasswordAuthenticationFilter@3b62669b, org.springframework.security.web.authentication.ui.DefaultLoginPageGeneratingFilter@42d7a05a, org.springframework.security.web.authentication.ui.DefaultLogoutPageGeneratingFilter@40249617, org.springframework.security.web.authentication.www.BasicAuthenticationFilter@688e1456, org.springframework.security.web.savedrequest.RequestCacheAwareFilter@6552c999, org.springframework.security.web.servletapi.SecurityContextHolderAwareRequestFilter@d6c2d71, org.springframework.security.web.authentication.AnonymousAuthenticationFilter@581006e1, org.springframework.security.web.session.SessionManagementFilter@7737087e, org.springframework.security.web.access.ExceptionTranslationFilter@cb608c3, org.springframework.security.web.access.intercept.FilterSecurityInterceptor@47f97eb5]
2020-04-14 22:37:29.859  INFO 19932 --- [    Test worker] o.s.b.t.m.w.SpringBootMockServletContext : Initializing Spring TestDispatcherServlet ''
2020-04-14 22:37:29.859  INFO 19932 --- [    Test worker] o.s.t.web.servlet.TestDispatcherServlet  : Initializing Servlet ''
2020-04-14 22:37:29.875  INFO 19932 --- [    Test worker] o.s.t.web.servlet.TestDispatcherServlet  : Completed initialization in 15 ms
2020-04-14 22:37:29.901  INFO 19932 --- [    Test worker] c.j.helloaws.web.HelloControllerTest     : Started HelloControllerTest in 0.779 seconds (JVM running for 8.046)
]]></system-out>
  <system-err><![CDATA[]]></system-err>
</testsuite>
