<?xml version="1.0" encoding="UTF-8"?>
<testsuite name="com.jinhwi.helloaws.web.IndexControllerTest" tests="1" skipped="0" failures="0" errors="0" timestamp="2020-04-14T13:37:32" hostname="DESKTOP-T9FMKJL" time="0.198">
  <properties/>
  <testcase name="메인페이지_로딩" classname="com.jinhwi.helloaws.web.IndexControllerTest" time="0.198"/>
  <system-out><![CDATA[2020-04-14 22:37:30.060  INFO 19932 --- [    Test worker] .b.t.c.SpringBootTestContextBootstrapper : Neither @ContextConfiguration nor @ContextHierarchy found for test class [com.jinhwi.helloaws.web.IndexControllerTest], using SpringBootContextLoader
2020-04-14 22:37:30.061  INFO 19932 --- [    Test worker] o.s.t.c.support.AbstractContextLoader    : Could not detect default resource locations for test class [com.jinhwi.helloaws.web.IndexControllerTest]: no resource found for suffixes {-context.xml, Context.groovy}.
2020-04-14 22:37:30.061  INFO 19932 --- [    Test worker] t.c.s.AnnotationConfigContextLoaderUtils : Could not detect default configuration classes for test class [com.jinhwi.helloaws.web.IndexControllerTest]: IndexControllerTest does not declare any static, non-private, non-final, nested classes annotated with @Configuration.
2020-04-14 22:37:30.063  INFO 19932 --- [    Test worker] .b.t.c.SpringBootTestContextBootstrapper : Found @SpringBootConfiguration com.jinhwi.helloaws.Application for test class com.jinhwi.helloaws.web.IndexControllerTest
2020-04-14 22:37:30.064  INFO 19932 --- [    Test worker] .b.t.c.SpringBootTestContextBootstrapper : Loaded default TestExecutionListener class names from location [META-INF/spring.factories]: [org.springframework.security.test.context.support.WithSecurityContextTestExecutionListener, org.springframework.security.test.context.support.ReactorContextTestExecutionListener, org.springframework.boot.test.autoconfigure.restdocs.RestDocsTestExecutionListener, org.springframework.boot.test.autoconfigure.web.client.MockRestServiceServerResetTestExecutionListener, org.springframework.boot.test.autoconfigure.web.servlet.MockMvcPrintOnlyOnFailureTestExecutionListener, org.springframework.boot.test.autoconfigure.web.servlet.WebDriverTestExecutionListener, org.springframework.boot.test.mock.mockito.MockitoTestExecutionListener, org.springframework.boot.test.mock.mockito.ResetMocksTestExecutionListener, org.springframework.test.context.web.ServletTestExecutionListener, org.springframework.test.context.support.DirtiesContextBeforeModesTestExecutionListener, org.springframework.test.context.support.DependencyInjectionTestExecutionListener, org.springframework.test.context.support.DirtiesContextTestExecutionListener, org.springframework.test.context.transaction.TransactionalTestExecutionListener, org.springframework.test.context.jdbc.SqlScriptsTestExecutionListener]
2020-04-14 22:37:30.065  INFO 19932 --- [    Test worker] .b.t.c.SpringBootTestContextBootstrapper : Using TestExecutionListeners: [org.springframework.test.context.web.ServletTestExecutionListener@16968bbc, org.springframework.test.context.support.DirtiesContextBeforeModesTestExecutionListener@770d5fee, org.springframework.boot.test.mock.mockito.MockitoTestExecutionListener@34a50624, org.springframework.boot.test.autoconfigure.SpringBootDependencyInjectionTestExecutionListener@7e0dd862, org.springframework.test.context.support.DirtiesContextTestExecutionListener@5ce46774, org.springframework.test.context.transaction.TransactionalTestExecutionListener@418ba129, org.springframework.test.context.jdbc.SqlScriptsTestExecutionListener@5d831b1a, org.springframework.security.test.context.support.WithSecurityContextTestExecutionListener@4ddd0600, org.springframework.security.test.context.support.ReactorContextTestExecutionListener@32fd1708, org.springframework.boot.test.autoconfigure.restdocs.RestDocsTestExecutionListener@2e636a97, org.springframework.boot.test.autoconfigure.web.client.MockRestServiceServerResetTestExecutionListener@6bfdef8a, org.springframework.boot.test.autoconfigure.web.servlet.MockMvcPrintOnlyOnFailureTestExecutionListener@4eb509f3, org.springframework.boot.test.autoconfigure.web.servlet.WebDriverTestExecutionListener@14aa027a, org.springframework.boot.test.mock.mockito.ResetMocksTestExecutionListener@2128f5aa]

  .   ____          _            __ _ _
 /\\ / ___'_ __ _ _(_)_ __  __ _ \ \ \ \
( ( )\___ | '_ | '_| | '_ \/ _` | \ \ \ \
 \\/  ___)| |_)| | | | | || (_| |  ) ) ) )
  '  |____| .__|_| |_|_| |_\__, | / / / /
 =========|_|==============|___/=/_/_/_/
 :: Spring Boot ::        (v2.1.9.RELEASE)

2020-04-14 22:37:30.117  INFO 19932 --- [    Test worker] c.j.helloaws.web.IndexControllerTest     : Starting IndexControllerTest on DESKTOP-T9FMKJL with PID 19932 (started by Hello.Jinhwi in E:\hellojinhwi\01.project\IntelliJ\helloAWS)
2020-04-14 22:37:30.117  INFO 19932 --- [    Test worker] c.j.helloaws.web.IndexControllerTest     : The following profiles are active: oauth
2020-04-14 22:37:30.294  INFO 19932 --- [    Test worker] .s.d.r.c.RepositoryConfigurationDelegate : Bootstrapping Spring Data repositories in DEFAULT mode.
2020-04-14 22:37:30.309  INFO 19932 --- [    Test worker] .s.d.r.c.RepositoryConfigurationDelegate : Finished Spring Data repository scanning in 15ms. Found 2 repository interfaces.
2020-04-14 22:37:30.399  INFO 19932 --- [    Test worker] trationDelegate$BeanPostProcessorChecker : Bean 'org.springframework.transaction.annotation.ProxyTransactionManagementConfiguration' of type [org.springframework.transaction.annotation.ProxyTransactionManagementConfiguration$$EnhancerBySpringCGLIB$$f37f6f6b] is not eligible for getting processed by all BeanPostProcessors (for example: not eligible for auto-proxying)
2020-04-14 22:37:30.631  INFO 19932 --- [    Test worker] o.s.b.w.embedded.tomcat.TomcatWebServer  : Tomcat initialized with port(s): 0 (http)
2020-04-14 22:37:30.659  INFO 19932 --- [    Test worker] o.apache.catalina.core.StandardService   : Starting service [Tomcat]
2020-04-14 22:37:30.659  INFO 19932 --- [    Test worker] org.apache.catalina.core.StandardEngine  : Starting Servlet engine: [Apache Tomcat/9.0.26]
2020-04-14 22:37:30.837  INFO 19932 --- [    Test worker] o.a.c.c.C.[Tomcat].[localhost].[/]       : Initializing Spring embedded WebApplicationContext
2020-04-14 22:37:30.837  INFO 19932 --- [    Test worker] o.s.web.context.ContextLoader            : Root WebApplicationContext: initialization completed in 716 ms
2020-04-14 22:37:31.049  INFO 19932 --- [    Test worker] com.zaxxer.hikari.HikariDataSource       : HikariPool-2 - Starting...
2020-04-14 22:37:31.050  INFO 19932 --- [    Test worker] com.zaxxer.hikari.HikariDataSource       : HikariPool-2 - Start completed.
2020-04-14 22:37:31.084  INFO 19932 --- [    Test worker] o.hibernate.jpa.internal.util.LogHelper  : HHH000204: Processing PersistenceUnitInfo [
	name: default
	...]
2020-04-14 22:37:31.091  INFO 19932 --- [    Test worker] org.hibernate.dialect.Dialect            : HHH000400: Using dialect: org.hibernate.dialect.MySQL5InnoDBDialect
Hibernate: drop table if exists posts
Hibernate: drop table if exists user
Hibernate: create table posts (id bigint not null auto_increment, created_date datetime, modified_date datetime, author varchar(255), content TEXT not null, title varchar(500) not null, primary key (id)) engine=InnoDB
Hibernate: create table user (id bigint not null auto_increment, created_date datetime, modified_date datetime, email varchar(255) not null, name varchar(255) not null, picture varchar(255), role varchar(255) not null, primary key (id)) engine=InnoDB
2020-04-14 22:37:31.148  INFO 19932 --- [    Test worker] o.h.t.schema.internal.SchemaCreatorImpl  : HHH000476: Executing import script 'org.hibernate.tool.schema.internal.exec.ScriptSourceInputNonExistentImpl@239e4061'
2020-04-14 22:37:31.148  INFO 19932 --- [    Test worker] j.LocalContainerEntityManagerFactoryBean : Initialized JPA EntityManagerFactory for persistence unit 'default'
2020-04-14 22:37:31.444  INFO 19932 --- [    Test worker] o.h.h.i.QueryTranslatorFactoryInitiator  : HHH000397: Using ASTQueryTranslatorFactory
2020-04-14 22:37:31.575  INFO 19932 --- [    Test worker] o.s.s.web.DefaultSecurityFilterChain     : Creating filter chain: any request, [org.springframework.security.web.context.request.async.WebAsyncManagerIntegrationFilter@1b94a655, org.springframework.security.web.context.SecurityContextPersistenceFilter@579ad620, org.springframework.security.web.header.HeaderWriterFilter@1f006d2, org.springframework.security.web.authentication.logout.LogoutFilter@653abb48, org.springframework.security.oauth2.client.web.OAuth2AuthorizationRequestRedirectFilter@231c4eb8, org.springframework.security.oauth2.client.web.OAuth2LoginAuthenticationFilter@6847fbf9, org.springframework.security.web.authentication.ui.DefaultLoginPageGeneratingFilter@64105a3c, org.springframework.security.web.authentication.ui.DefaultLogoutPageGeneratingFilter@79869faa, org.springframework.security.web.savedrequest.RequestCacheAwareFilter@662129e2, org.springframework.security.web.servletapi.SecurityContextHolderAwareRequestFilter@67e67562, org.springframework.security.web.authentication.AnonymousAuthenticationFilter@38ae77ac, org.springframework.security.web.session.SessionManagementFilter@14c2f6f4, org.springframework.security.web.access.ExceptionTranslationFilter@11f41fde, org.springframework.security.web.access.intercept.FilterSecurityInterceptor@71e26257]
2020-04-14 22:37:31.754  INFO 19932 --- [    Test worker] o.s.s.concurrent.ThreadPoolTaskExecutor  : Initializing ExecutorService 'applicationTaskExecutor'
2020-04-14 22:37:31.769  WARN 19932 --- [    Test worker] aWebConfiguration$JpaWebMvcConfiguration : spring.jpa.open-in-view is enabled by default. Therefore, database queries may be performed during view rendering. Explicitly configure spring.jpa.open-in-view to disable this warning
2020-04-14 22:37:31.794  INFO 19932 --- [    Test worker] o.s.b.a.w.s.WelcomePageHandlerMapping    : Adding welcome page template: index
2020-04-14 22:37:32.037  INFO 19932 --- [    Test worker] s.a.ScheduledAnnotationBeanPostProcessor : No TaskScheduler/ScheduledExecutorService bean found for scheduled processing
2020-04-14 22:37:32.057  INFO 19932 --- [    Test worker] o.s.b.w.embedded.tomcat.TomcatWebServer  : Tomcat started on port(s): 49193 (http) with context path ''
2020-04-14 22:37:32.057  INFO 19932 --- [    Test worker] c.j.helloaws.web.IndexControllerTest     : Started IndexControllerTest in 1.985 seconds (JVM running for 10.202)
2020-04-14 22:37:32.160  INFO 19932 --- [o-auto-1-exec-1] o.a.c.c.C.[Tomcat].[localhost].[/]       : Initializing Spring DispatcherServlet 'dispatcherServlet'
2020-04-14 22:37:32.160  INFO 19932 --- [o-auto-1-exec-1] o.s.web.servlet.DispatcherServlet        : Initializing Servlet 'dispatcherServlet'
2020-04-14 22:37:32.189  INFO 19932 --- [o-auto-1-exec-1] o.s.web.servlet.DispatcherServlet        : Completed initialization in 29 ms
Hibernate: select posts0_.id as id1_0_, posts0_.created_date as created_2_0_, posts0_.modified_date as modified3_0_, posts0_.author as author4_0_, posts0_.content as content5_0_, posts0_.title as title6_0_ from posts posts0_ order by posts0_.id DESC
]]></system-out>
  <system-err><![CDATA[]]></system-err>
</testsuite>
